[debug] [2026-03-01T22:27:09.532Z] ----------------------------------------------------------------------
[debug] [2026-03-01T22:27:09.533Z] Command:       /home/warforged/.local/share/mise/installs/node/25.2.1/bin/node /home/warforged/.local/share/mise/installs/node/25.2.1/bin/firebase emulators:start --only functions
[debug] [2026-03-01T22:27:09.533Z] CLI Version:   15.8.0
[debug] [2026-03-01T22:27:09.533Z] Platform:      linux
[debug] [2026-03-01T22:27:09.533Z] Node Version:  v25.2.1
[debug] [2026-03-01T22:27:09.533Z] Time:          Sun Mar 01 2026 17:27:09 GMT-0500 (Eastern Standard Time)
[debug] [2026-03-01T22:27:09.533Z] ----------------------------------------------------------------------
[debug] 
[debug] [2026-03-01T22:27:09.869Z] > command requires scopes: ["email","openid","https://www.googleapis.com/auth/cloudplatformprojects.readonly","https://www.googleapis.com/auth/firebase","https://www.googleapis.com/auth/cloud-platform"]
[debug] [2026-03-01T22:27:09.869Z] > authorizing via signed-in user (cfourni1@terpmail.umd.edu)
[info] i  emulators: Starting emulators: functions {"metadata":{"emulator":{"name":"hub"},"message":"Starting emulators: functions"}}
[debug] [2026-03-01T22:27:09.871Z] [logging] Logging Emulator only supports listening on one address (127.0.0.1). Not listening on ::1
[debug] [2026-03-01T22:27:09.871Z] assigned listening specs for emulators {"user":{"hub":[{"address":"127.0.0.1","family":"IPv4","port":4400},{"address":"::1","family":"IPv6","port":4400}],"ui":[{"address":"127.0.0.1","family":"IPv4","port":4000},{"address":"::1","family":"IPv6","port":4000}],"logging":[{"address":"127.0.0.1","family":"IPv4","port":4500}]},"metadata":{"message":"assigned listening specs for emulators"}}
[debug] [2026-03-01T22:27:09.874Z] Write emulator hub locator at /tmp/hub-pnaa-chapter-management.json
[debug] [2026-03-01T22:27:09.876Z] [functions] Functions Emulator only supports listening on one address (127.0.0.1). Not listening on ::1
[debug] [2026-03-01T22:27:09.876Z] [eventarc] Eventarc Emulator only supports listening on one address (127.0.0.1). Not listening on ::1
[debug] [2026-03-01T22:27:09.876Z] [tasks] Cloud Tasks Emulator only supports listening on one address (127.0.0.1). Not listening on ::1
[debug] [2026-03-01T22:27:09.876Z] late-assigned ports for functions and eventarc emulators {"user":{"hub":[{"address":"127.0.0.1","family":"IPv4","port":4400},{"address":"::1","family":"IPv6","port":4400}],"ui":[{"address":"127.0.0.1","family":"IPv4","port":4000},{"address":"::1","family":"IPv6","port":4000}],"logging":[{"address":"127.0.0.1","family":"IPv4","port":4500}],"functions":[{"address":"127.0.0.1","family":"IPv4","port":5001}],"eventarc":[{"address":"127.0.0.1","family":"IPv4","port":9299}],"tasks":[{"address":"127.0.0.1","family":"IPv4","port":9499}]},"metadata":{"message":"late-assigned ports for functions and eventarc emulators"}}
[warn] ⚠  functions: The following emulators are not running, calls to these services from the Functions emulator will affect production: apphosting, auth, firestore, database, hosting, pubsub, storage, dataconnect {"metadata":{"emulator":{"name":"functions"},"message":"The following emulators are not running, calls to these services from the Functions emulator will affect production: \u001b[1mapphosting, auth, firestore, database, hosting, pubsub, storage, dataconnect\u001b[22m"}}
[warn] ⚠  functions: Application Default Credentials detected. Non-emulated services will access production using these credentials. Be careful! {"metadata":{"emulator":{"name":"functions"},"message":"Application Default Credentials detected. Non-emulated services will access production using these credentials. Be careful!"}}
[debug] [2026-03-01T22:27:09.880Z] Checked if tokens are valid: true, expires at: 1772406760730
[debug] [2026-03-01T22:27:09.880Z] Checked if tokens are valid: true, expires at: 1772406760730
[debug] [2026-03-01T22:27:09.881Z] >>> [apiv2][query] GET https://firebase.googleapis.com/v1beta1/projects/pnaa-chapter-management/adminSdkConfig [none]
[debug] [2026-03-01T22:27:10.148Z] <<< [apiv2][status] GET https://firebase.googleapis.com/v1beta1/projects/pnaa-chapter-management/adminSdkConfig 200
[debug] [2026-03-01T22:27:10.148Z] <<< [apiv2][body] GET https://firebase.googleapis.com/v1beta1/projects/pnaa-chapter-management/adminSdkConfig {"projectId":"pnaa-chapter-management","storageBucket":"pnaa-chapter-management.firebasestorage.app"}
[info] i  functions: Watching "/home/warforged/Documents/PNAA/philippine-nurses-association-of-america/functions" for Cloud Functions... {"metadata":{"emulator":{"name":"functions"},"message":"Watching \"/home/warforged/Documents/PNAA/philippine-nurses-association-of-america/functions\" for Cloud Functions..."}}
[debug] [2026-03-01T22:27:10.160Z] Validating nodejs source
[warn] ⚠  functions: package.json indicates an outdated version of firebase-functions. Please upgrade using npm install --save firebase-functions@latest in your functions directory. 
[warn] ⚠  functions: Please note that there will be breaking changes when you upgrade. 
[debug] [2026-03-01T22:27:10.377Z] > [functions] package.json contents: {
  "name": "pnaa-functions",
  "version": "1.0.0",
  "description": "PNAA Cloud Functions for Wild Apricot sync",
  "main": "lib/index.js",
  "scripts": {
    "build": "tsc",
    "serve": "npm run build && firebase emulators:start --only functions",
    "deploy": "firebase deploy --only functions"
  },
  "engines": {
    "node": "20"
  },
  "dependencies": {
    "firebase-admin": "^13.0.0",
    "firebase-functions": "^6.3.0",
    "node-fetch": "^2.7.0"
  },
  "devDependencies": {
    "@types/node": "^20.19.35",
    "typescript": "^5.7.0"
  },
  "private": true
}
[debug] [2026-03-01T22:27:10.377Z] Building nodejs source
[debug] [2026-03-01T22:27:10.377Z] Failed to find version of module node: reached end of search path /home/warforged/Documents/PNAA/philippine-nurses-association-of-america/functions/node_modules
[warn] ⚠  functions: Your requested "node" version "20" doesn't match your global version "25". Using node@25 from host. 
[info] i  functions: Loaded environment variables from .env. 
[debug] [2026-03-01T22:27:10.379Z] Could not find functions.yaml. Must use http discovery
[debug] [2026-03-01T22:27:10.380Z] Found firebase-functions binary at '/home/warforged/Documents/PNAA/philippine-nurses-association-of-america/functions/node_modules/.bin/firebase-functions'
[info] Serving at port 8925

[debug] [2026-03-01T22:27:10.507Z] Got response from /__/functions.yaml {"endpoints":{"syncMembers":{"availableMemoryMb":null,"timeoutSeconds":300,"minInstances":null,"maxInstances":null,"ingressSettings":null,"concurrency":null,"serviceAccountEmail":null,"vpc":null,"platform":"gcfv2","labels":{},"scheduleTrigger":{"schedule":"every 1 minutes","retryConfig":{}},"entryPoint":"syncMembers"},"syncEvents":{"availableMemoryMb":null,"timeoutSeconds":300,"minInstances":null,"maxInstances":null,"ingressSettings":null,"concurrency":null,"serviceAccountEmail":null,"vpc":null,"platform":"gcfv2","labels":{},"scheduleTrigger":{"schedule":"every 1 minutes","retryConfig":{}},"entryPoint":"syncEvents"},"updateMembers":{"availableMemoryMb":null,"timeoutSeconds":null,"minInstances":null,"maxInstances":null,"ingressSettings":null,"concurrency":null,"serviceAccountEmail":null,"vpc":null,"platform":"gcfv2","labels":{},"scheduleTrigger":{"schedule":"every day 02:00","retryConfig":{},"timeZone":"America/New_York"},"entryPoint":"updateMembers"},"createUser":{"availableMemoryMb":null,"timeoutSeconds":null,"minInstances":null,"maxInstances":null,"ingressSettings":null,"concurrency":null,"serviceAccountEmail":null,"vpc":null,"platform":"gcfv2","labels":{},"callableTrigger":{},"entryPoint":"createUser"}},"specVersion":"v1alpha1","requiredAPIs":[{"api":"cloudscheduler.googleapis.com","reason":"Needed for scheduled functions."}],"extensions":{},"params":[{"name":"WILD_APRICOT_API_KEY","type":"string"},{"name":"WILD_APRICOT_ACCOUNT_ID","type":"string"}]}
[info] ✔  functions: Loaded functions definitions from source: syncMembers, syncEvents, updateMembers, createUser. {"metadata":{"emulator":{"name":"functions"},"message":"Loaded functions definitions from source: syncMembers, syncEvents, updateMembers, createUser."}}
[info] i  functions[us-central1-syncMembers]: function ignored because the pubsub emulator does not exist or is not running. {"metadata":{"emulator":{"name":"functions"},"message":"function ignored because the pubsub emulator does not exist or is not running."}}
[info] i  functions[us-central1-syncEvents]: function ignored because the pubsub emulator does not exist or is not running. {"metadata":{"emulator":{"name":"functions"},"message":"function ignored because the pubsub emulator does not exist or is not running."}}
[info] i  functions[us-central1-updateMembers]: function ignored because the pubsub emulator does not exist or is not running. {"metadata":{"emulator":{"name":"functions"},"message":"function ignored because the pubsub emulator does not exist or is not running."}}
[info] ✔  functions[us-central1-createUser]: http function initialized (http://127.0.0.1:5001/pnaa-chapter-management/us-central1/createUser). {"metadata":{"emulator":{"name":"functions"},"message":"\u001b[1mhttp\u001b[22m function initialized (http://127.0.0.1:5001/pnaa-chapter-management/us-central1/createUser)."}}
[debug] [2026-03-01T22:27:14.524Z] Could not find VSCode notification endpoint: FetchError: request to http://localhost:40001/vscode/notify failed, reason: . If you are not running the Firebase Data Connect VSCode extension, this is expected and not an issue.
[info] 
┌─────────────────────────────────────────────────────────────┐
│ ✔  All emulators ready! It is now safe to connect your app. │
│ i  View Emulator UI at http://127.0.0.1:4000/               │
└─────────────────────────────────────────────────────────────┘

┌───────────┬────────────────┬─────────────────────────────────┐
│ Emulator  │ Host:Port      │ View in Emulator UI             │
├───────────┼────────────────┼─────────────────────────────────┤
│ Functions │ 127.0.0.1:5001 │ http://127.0.0.1:4000/functions │
└───────────┴────────────────┴─────────────────────────────────┘
  Emulator Hub host: 127.0.0.1 port: 4400
  Other reserved ports: 4500

Issues? Report them at https://github.com/firebase/firebase-tools/issues and attach the *-debug.log files.
 
[debug] [2026-03-01T22:29:08.092Z] [work-queue] {"queuedWork":["/pnaa-chapter-management/us-central1/syncMembers-0-2026-03-01T22:29:08.092Z"],"queueLength":1,"runningWork":[],"workRunningCount":0}
[debug] [2026-03-01T22:29:08.092Z] [work-queue] {"queuedWork":[],"queueLength":0,"runningWork":["/pnaa-chapter-management/us-central1/syncMembers-0-2026-03-01T22:29:08.092Z"],"workRunningCount":1}
[debug] [2026-03-01T22:29:08.092Z] Accepted request POST /pnaa-chapter-management/us-central1/syncMembers-0 --> us-central1-syncMembers-0
[debug] [2026-03-01T22:29:08.093Z] [functions] Runtime ready! Sending request! {"metadata":{"emulator":{"name":"functions"},"message":"[functions] Runtime ready! Sending request!"}}
[debug] [2026-03-01T22:29:08.093Z] [functions] Got req.url=/pnaa-chapter-management/us-central1/syncMembers-0, mapping to path=/ {"metadata":{"emulator":{"name":"functions"},"message":"[functions] Got req.url=/pnaa-chapter-management/us-central1/syncMembers-0, mapping to path=/"}}
[info] i  functions: Loaded environment variables from .env. 
[debug] [2026-03-01T22:29:08.097Z] [worker-pool] addWorker(us-central1-syncMembers) {"metadata":{"emulator":{"name":"functions"},"message":"[worker-pool] addWorker(us-central1-syncMembers)"}}
[debug] [2026-03-01T22:29:08.097Z] [worker-pool] Adding worker with key us-central1-syncMembers, total=1 {"metadata":{"emulator":{"name":"functions"},"message":"[worker-pool] Adding worker with key us-central1-syncMembers, total=1"}}
[debug] [2026-03-01T22:29:08.353Z] [runtime-status] [155835] Resolved module firebase-admin {"declared":true,"installed":true,"version":"13.7.0","resolution":"/home/warforged/Documents/PNAA/philippine-nurses-association-of-america/functions/node_modules/firebase-admin/lib/index.js"} {"metadata":{"emulator":{"name":"functions"},"function":{"name":"us-central1-syncMembers"},"extension":{},"message":"[runtime-status] [155835] Resolved module firebase-admin {\"declared\":true,\"installed\":true,\"version\":\"13.7.0\",\"resolution\":\"/home/warforged/Documents/PNAA/philippine-nurses-association-of-america/functions/node_modules/firebase-admin/lib/index.js\"}"}}
[debug] [2026-03-01T22:29:08.354Z] [runtime-status] [155835] Resolved module firebase-functions {"declared":true,"installed":true,"version":"6.6.0","resolution":"/home/warforged/Documents/PNAA/philippine-nurses-association-of-america/functions/node_modules/firebase-functions/lib/v2/index.js"} {"metadata":{"emulator":{"name":"functions"},"function":{"name":"us-central1-syncMembers"},"extension":{},"message":"[runtime-status] [155835] Resolved module firebase-functions {\"declared\":true,\"installed\":true,\"version\":\"6.6.0\",\"resolution\":\"/home/warforged/Documents/PNAA/philippine-nurses-association-of-america/functions/node_modules/firebase-functions/lib/v2/index.js\"}"}}
[debug] [2026-03-01T22:29:08.354Z] [runtime-status] [155835] Outgoing network have been stubbed. [{"name":"http","status":"mocked"},{"name":"http","status":"mocked"},{"name":"https","status":"mocked"},{"name":"https","status":"mocked"},{"name":"net","status":"mocked"}] {"metadata":{"emulator":{"name":"functions"},"function":{"name":"us-central1-syncMembers"},"extension":{},"message":"[runtime-status] [155835] Outgoing network have been stubbed. [{\"name\":\"http\",\"status\":\"mocked\"},{\"name\":\"http\",\"status\":\"mocked\"},{\"name\":\"https\",\"status\":\"mocked\"},{\"name\":\"https\",\"status\":\"mocked\"},{\"name\":\"net\",\"status\":\"mocked\"}]"}}
[debug] [2026-03-01T22:29:08.354Z] [runtime-status] [155835] Resolved module firebase-functions {"declared":true,"installed":true,"version":"6.6.0","resolution":"/home/warforged/Documents/PNAA/philippine-nurses-association-of-america/functions/node_modules/firebase-functions/lib/v2/index.js"} {"metadata":{"emulator":{"name":"functions"},"function":{"name":"us-central1-syncMembers"},"extension":{},"message":"[runtime-status] [155835] Resolved module firebase-functions {\"declared\":true,\"installed\":true,\"version\":\"6.6.0\",\"resolution\":\"/home/warforged/Documents/PNAA/philippine-nurses-association-of-america/functions/node_modules/firebase-functions/lib/v2/index.js\"}"}}
[debug] [2026-03-01T22:29:08.393Z] [runtime-status] [155835] Resolved module firebase-admin {"declared":true,"installed":true,"version":"13.7.0","resolution":"/home/warforged/Documents/PNAA/philippine-nurses-association-of-america/functions/node_modules/firebase-admin/lib/index.js"} {"metadata":{"emulator":{"name":"functions"},"function":{"name":"us-central1-syncMembers"},"extension":{},"message":"[runtime-status] [155835] Resolved module firebase-admin {\"declared\":true,\"installed\":true,\"version\":\"13.7.0\",\"resolution\":\"/home/warforged/Documents/PNAA/philippine-nurses-association-of-america/functions/node_modules/firebase-admin/lib/index.js\"}"}}
[debug] [2026-03-01T22:29:08.393Z] [runtime-status] [155835] Resolved module firebase-functions {"declared":true,"installed":true,"version":"6.6.0","resolution":"/home/warforged/Documents/PNAA/philippine-nurses-association-of-america/functions/node_modules/firebase-functions/lib/v2/index.js"} {"metadata":{"emulator":{"name":"functions"},"function":{"name":"us-central1-syncMembers"},"extension":{},"message":"[runtime-status] [155835] Resolved module firebase-functions {\"declared\":true,\"installed\":true,\"version\":\"6.6.0\",\"resolution\":\"/home/warforged/Documents/PNAA/philippine-nurses-association-of-america/functions/node_modules/firebase-functions/lib/v2/index.js\"}"}}
[debug] [2026-03-01T22:29:08.426Z] [runtime-status] [155835] firebase-admin has been stubbed. {"adminResolution":{"declared":true,"installed":true,"version":"13.7.0","resolution":"/home/warforged/Documents/PNAA/philippine-nurses-association-of-america/functions/node_modules/firebase-admin/lib/index.js"}} {"metadata":{"emulator":{"name":"functions"},"function":{"name":"us-central1-syncMembers"},"extension":{},"message":"[runtime-status] [155835] firebase-admin has been stubbed. {\"adminResolution\":{\"declared\":true,\"installed\":true,\"version\":\"13.7.0\",\"resolution\":\"/home/warforged/Documents/PNAA/philippine-nurses-association-of-america/functions/node_modules/firebase-admin/lib/index.js\"}}"}}
[debug] [2026-03-01T22:29:08.430Z] [runtime-status] [155835] Functions runtime initialized. {"cwd":"/home/warforged/Documents/PNAA/philippine-nurses-association-of-america/functions","node_version":"25.2.1"} {"metadata":{"emulator":{"name":"functions"},"function":{"name":"us-central1-syncMembers"},"extension":{},"message":"[runtime-status] [155835] Functions runtime initialized. {\"cwd\":\"/home/warforged/Documents/PNAA/philippine-nurses-association-of-america/functions\",\"node_version\":\"25.2.1\"}"}}
[debug] [2026-03-01T22:29:08.430Z] [runtime-status] [155835] Listening to port: /tmp/fire_emu_a9993c470be02004.sock {"metadata":{"emulator":{"name":"functions"},"function":{"name":"us-central1-syncMembers"},"extension":{},"message":"[runtime-status] [155835] Listening to port: /tmp/fire_emu_a9993c470be02004.sock"}}
[debug] [2026-03-01T22:29:08.505Z] [worker-us-central1-syncMembers-626b68e4-e7c6-485a-afef-aca1cd541f25]: IDLE {"metadata":{"emulator":{"name":"functions"},"function":{"name":"us-central1-syncMembers"},"extension":{},"message":"[worker-us-central1-syncMembers-626b68e4-e7c6-485a-afef-aca1cd541f25]: IDLE"}}
[debug] [2026-03-01T22:29:08.505Z] [worker-pool] submitRequest(triggerId=us-central1-syncMembers) {"metadata":{"emulator":{"name":"functions"},"message":"[worker-pool] submitRequest(triggerId=us-central1-syncMembers)"}}
[info] i  functions: Beginning execution of "us-central1-syncMembers" {"metadata":{"emulator":{"name":"functions"},"function":{"name":"us-central1-syncMembers"},"extension":{},"message":"Beginning execution of \"us-central1-syncMembers\""}}
[debug] [2026-03-01T22:29:08.506Z] [worker-us-central1-syncMembers-626b68e4-e7c6-485a-afef-aca1cd541f25]: BUSY {"metadata":{"emulator":{"name":"functions"},"function":{"name":"us-central1-syncMembers"},"extension":{},"message":"[worker-us-central1-syncMembers-626b68e4-e7c6-485a-afef-aca1cd541f25]: BUSY"}}
[info] >  syncMembers: processed 100 contacts {"user":"syncMembers: processed 100 contacts","metadata":{"emulator":{"name":"functions"},"function":{"name":"us-central1-syncMembers"},"extension":{},"message":"\u001b[90m> \u001b[39m syncMembers: processed 100 contacts"}}
[debug] [2026-03-01T22:29:11.677Z] Finishing up request with event=pause {"metadata":{"emulator":{"name":"functions"},"function":{"name":"us-central1-syncMembers"},"extension":{},"message":"Finishing up request with event=pause"}}
[info] i  functions: Finished "us-central1-syncMembers" in 3171.9831560000002ms {"metadata":{"emulator":{"name":"functions"},"function":{"name":"us-central1-syncMembers"},"extension":{},"message":"Finished \"us-central1-syncMembers\" in 3171.9831560000002ms"}}
[debug] [2026-03-01T22:29:11.678Z] [worker-us-central1-syncMembers-626b68e4-e7c6-485a-afef-aca1cd541f25]: IDLE {"metadata":{"emulator":{"name":"functions"},"function":{"name":"us-central1-syncMembers"},"extension":{},"message":"[worker-us-central1-syncMembers-626b68e4-e7c6-485a-afef-aca1cd541f25]: IDLE"}}
[debug] [2026-03-01T22:29:11.678Z] Finishing up request with event=finish {"metadata":{"emulator":{"name":"functions"},"function":{"name":"us-central1-syncMembers"},"extension":{},"message":"Finishing up request with event=finish"}}
[debug] [2026-03-01T22:29:11.678Z] Finishing up request with event=close {"metadata":{"emulator":{"name":"functions"},"function":{"name":"us-central1-syncMembers"},"extension":{},"message":"Finishing up request with event=close"}}
[debug] [2026-03-01T22:29:11.678Z] [work-queue] {"queuedWork":[],"queueLength":0,"runningWork":[],"workRunningCount":0}
